<?xml version="1.0" encoding="UTF-8"?>
<!-- Generated by org.testng.reporters.JUnitXMLReporter -->
<testsuite ignored="0" hostname="DESKTOP-6LGQ6RF" failures="0" tests="5" name="DemoTest" time="15.926" errors="0" timestamp="2022-12-02T12:31:56 IST">
  <testcase classname="demo.advanced.tests.DemoTests" name="BTest3" time="0.016"/>
  <testcase classname="demo.advanced.tests.DemoTests" name="ZTest1" time="0.015"/>
  <testcase classname="demo.advanced.tests.DemoTests" name="ATest2" time="0.002"/>
  <testcase classname="demo.advanced.tests.DemoTests" name="Test4" time="0.002"/>
  <testcase classname="demo.advanced.tests.DemoTests" name="Test5" time="1.901"/>
</testsuite> <!-- DemoTest -->
