<?xml version="1.0" encoding="UTF-8"?>
<!-- Generated by org.testng.reporters.JUnitXMLReporter -->
<testsuite ignored="0" hostname="DESKTOP-6LGQ6RF" failures="0" tests="7" name="DemoTest" time="59.057" errors="0" timestamp="2022-11-25T11:35:52 IST">
  <testcase classname="demo.advanced.tests.AmazonTest" name="WriteMobileNamesInExcel" time="17.037"/>
  <testcase classname="demo.advanced.tests.DemoTests" name="Test2" time="0.002"/>
  <testcase classname="demo.advanced.tests.DemoTests" name="Test1" time="0.001"/>
  <testcase classname="demo.advanced.tests.DemoTests" name="Test3" time="0.002"/>
  <testcase classname="demo.advanced.tests.AmazonTest" name="AppleMobileSearch" time="6.528"/>
  <testcase classname="demo.advanced.tests.DemoTests" name="Test4" time="0.001"/>
  <testcase classname="demo.advanced.tests.DemoTests" name="Test5" time="0.048"/>
</testsuite> <!-- DemoTest -->
