<?xml version="1.0" encoding="UTF-8"?>
<testng-results ignored="0" total="2" passed="2" failed="0" skipped="0">
  <reporter-output>
  </reporter-output>
  <suite started-at="2022-12-17T11:34:50 IST" name="Default suite" finished-at="2022-12-17T11:35:23 IST" duration-ms="32739">
    <groups>
    </groups>
    <test started-at="2022-12-17T11:34:50 IST" name="Default test" finished-at="2022-12-17T11:35:23 IST" duration-ms="32739">
      <class name="demo.advanced.tests.AmazonSearchTests">
        <test-method is-config="true" signature="BeforeSuite()[pri:0, instance:demo.advanced.tests.AmazonSearchTests@738dc9b]" started-at="2022-12-17T11:34:50 IST" name="BeforeSuite" finished-at="2022-12-17T11:34:50 IST" duration-ms="13" status="PASS">
          <reporter-output>
          </reporter-output>
        </test-method> <!-- BeforeSuite -->
        <test-method is-config="true" signature="BeforeTest()[pri:0, instance:demo.advanced.tests.AmazonSearchTests@738dc9b]" started-at="2022-12-17T11:34:50 IST" name="BeforeTest" finished-at="2022-12-17T11:34:50 IST" duration-ms="0" status="PASS">
          <reporter-output>
          </reporter-output>
        </test-method> <!-- BeforeTest -->
        <test-method is-config="true" signature="BeforeClass()[pri:0, instance:demo.advanced.tests.AmazonSearchTests@738dc9b]" started-at="2022-12-17T11:34:50 IST" name="BeforeClass" finished-at="2022-12-17T11:34:50 IST" duration-ms="1" status="PASS">
          <reporter-output>
          </reporter-output>
        </test-method> <!-- BeforeClass -->
        <test-method is-config="true" signature="BeforeMethod()[pri:0, instance:demo.advanced.tests.AmazonSearchTests@738dc9b]" started-at="2022-12-17T11:34:50 IST" name="BeforeMethod" finished-at="2022-12-17T11:35:01 IST" duration-ms="10519" status="PASS">
          <reporter-output>
          </reporter-output>
        </test-method> <!-- BeforeMethod -->
        <test-method signature="ExcelXPathTest()[pri:0, instance:demo.advanced.tests.AmazonSearchTests@738dc9b]" started-at="2022-12-17T11:35:01 IST" name="ExcelXPathTest" finished-at="2022-12-17T11:35:16 IST" duration-ms="14582" status="PASS">
          <reporter-output>
          </reporter-output>
        </test-method> <!-- ExcelXPathTest -->
        <test-method is-config="true" signature="AfterMethod()[pri:0, instance:demo.advanced.tests.AmazonSearchTests@738dc9b]" started-at="2022-12-17T11:35:16 IST" name="AfterMethod" finished-at="2022-12-17T11:35:16 IST" duration-ms="863" status="PASS">
          <reporter-output>
          </reporter-output>
        </test-method> <!-- AfterMethod -->
        <test-method is-config="true" signature="BeforeMethod()[pri:0, instance:demo.advanced.tests.AmazonSearchTests@738dc9b]" started-at="2022-12-17T11:35:16 IST" name="BeforeMethod" finished-at="2022-12-17T11:35:21 IST" duration-ms="4568" status="PASS">
          <reporter-output>
          </reporter-output>
        </test-method> <!-- BeforeMethod -->
        <test-method signature="verifyCategories()[pri:0, instance:demo.advanced.tests.AmazonSearchTests@738dc9b]" started-at="2022-12-17T11:35:21 IST" name="verifyCategories" finished-at="2022-12-17T11:35:23 IST" duration-ms="1575" status="PASS">
          <reporter-output>
          </reporter-output>
        </test-method> <!-- verifyCategories -->
        <test-method is-config="true" signature="AfterMethod()[pri:0, instance:demo.advanced.tests.AmazonSearchTests@738dc9b]" started-at="2022-12-17T11:35:23 IST" name="AfterMethod" finished-at="2022-12-17T11:35:23 IST" duration-ms="572" status="PASS">
          <reporter-output>
          </reporter-output>
        </test-method> <!-- AfterMethod -->
        <test-method is-config="true" signature="AfterClass()[pri:0, instance:demo.advanced.tests.AmazonSearchTests@738dc9b]" started-at="2022-12-17T11:35:23 IST" name="AfterClass" finished-at="2022-12-17T11:35:23 IST" duration-ms="1" status="PASS">
          <reporter-output>
          </reporter-output>
        </test-method> <!-- AfterClass -->
        <test-method is-config="true" signature="AfterTest()[pri:0, instance:demo.advanced.tests.AmazonSearchTests@738dc9b]" started-at="2022-12-17T11:35:23 IST" name="AfterTest" finished-at="2022-12-17T11:35:23 IST" duration-ms="0" status="PASS">
          <reporter-output>
          </reporter-output>
        </test-method> <!-- AfterTest -->
        <test-method is-config="true" signature="AfterSuite()[pri:0, instance:demo.advanced.tests.AmazonSearchTests@738dc9b]" started-at="2022-12-17T11:35:23 IST" name="AfterSuite" finished-at="2022-12-17T11:35:23 IST" duration-ms="0" status="PASS">
          <reporter-output>
          </reporter-output>
        </test-method> <!-- AfterSuite -->
      </class> <!-- demo.advanced.tests.AmazonSearchTests -->
    </test> <!-- Default test -->
  </suite> <!-- Default suite -->
</testng-results>
