<?xml version="1.0" encoding="UTF-8"?>
<testng-results ignored="0" total="7" passed="6" failed="1" skipped="0">
  <reporter-output>
  </reporter-output>
  <suite started-at="2022-11-25T00:03:28 IST" name="Suite" finished-at="2022-11-25T00:04:11 IST" duration-ms="42921">
    <groups>
      <group name="AmazonSearch">
        <method signature="AmazonTest.AppleMobileSearch()[pri:0, instance:demo.advanced.tests.AmazonTest@5677323c]" name="AppleMobileSearch" class="demo.advanced.tests.AmazonTest"/>
        <method signature="AmazonTest.WriteMobileNamesInExcel()[pri:0, instance:demo.advanced.tests.AmazonTest@5677323c]" name="WriteMobileNamesInExcel" class="demo.advanced.tests.AmazonTest"/>
      </group> <!-- AmazonSearch -->
      <group name="DemoGroup">
        <method signature="DemoTests.Test1()[pri:1, instance:demo.advanced.tests.DemoTests@23c30a20]" name="Test1" class="demo.advanced.tests.DemoTests"/>
        <method signature="DemoTests.Test2()[pri:2, instance:demo.advanced.tests.DemoTests@23c30a20]" name="Test2" class="demo.advanced.tests.DemoTests"/>
        <method signature="DemoTests.Test3()[pri:3, instance:demo.advanced.tests.DemoTests@23c30a20]" name="Test3" class="demo.advanced.tests.DemoTests"/>
        <method signature="DemoTests.Test4()[pri:4, instance:demo.advanced.tests.DemoTests@23c30a20]" name="Test4" class="demo.advanced.tests.DemoTests"/>
        <method signature="DemoTests.Test5()[pri:5, instance:demo.advanced.tests.DemoTests@23c30a20]" name="Test5" class="demo.advanced.tests.DemoTests"/>
      </group> <!-- DemoGroup -->
    </groups>
    <test started-at="2022-11-25T00:03:28 IST" name="DemoTest" finished-at="2022-11-25T00:04:11 IST" duration-ms="42921">
      <class name="demo.advanced.tests.DemoTests">
        <test-method is-config="true" signature="BeforeMethod()[pri:0, instance:demo.advanced.tests.DemoTests@23c30a20]" started-at="2022-11-25T00:03:28 IST" name="BeforeMethod" finished-at="2022-11-25T00:03:48 IST" duration-ms="19753" status="PASS">
          <reporter-output>
          </reporter-output>
        </test-method> <!-- BeforeMethod -->
        <test-method is-config="true" signature="BeforeMethod()[pri:0, instance:demo.advanced.tests.DemoTests@23c30a20]" started-at="2022-11-25T00:03:28 IST" name="BeforeMethod" finished-at="2022-11-25T00:03:49 IST" duration-ms="21424" status="PASS">
          <reporter-output>
          </reporter-output>
        </test-method> <!-- BeforeMethod -->
        <test-method is-config="true" signature="BeforeMethod()[pri:0, instance:demo.advanced.tests.DemoTests@23c30a20]" started-at="2022-11-25T00:03:28 IST" name="BeforeMethod" finished-at="2022-11-25T00:03:49 IST" duration-ms="20633" status="PASS">
          <reporter-output>
          </reporter-output>
        </test-method> <!-- BeforeMethod -->
        <test-method signature="Test3()[pri:3, instance:demo.advanced.tests.DemoTests@23c30a20]" started-at="2022-11-25T00:03:48 IST" name="Test3" finished-at="2022-11-25T00:03:48 IST" duration-ms="21" status="PASS">
          <reporter-output>
          </reporter-output>
        </test-method> <!-- Test3 -->
        <test-method is-config="true" signature="AfterMethod()[pri:0, instance:demo.advanced.tests.DemoTests@23c30a20]" started-at="2022-11-25T00:03:48 IST" name="AfterMethod" finished-at="2022-11-25T00:04:02 IST" duration-ms="14635" status="PASS">
          <reporter-output>
          </reporter-output>
        </test-method> <!-- AfterMethod -->
        <test-method signature="Test1()[pri:1, instance:demo.advanced.tests.DemoTests@23c30a20]" started-at="2022-11-25T00:03:49 IST" name="Test1" finished-at="2022-11-25T00:03:49 IST" duration-ms="5" status="PASS">
          <reporter-output>
          </reporter-output>
        </test-method> <!-- Test1 -->
        <test-method is-config="true" signature="AfterMethod()[pri:0, instance:demo.advanced.tests.DemoTests@23c30a20]" started-at="2022-11-25T00:03:49 IST" name="AfterMethod" finished-at="2022-11-25T00:04:02 IST" duration-ms="13089" status="PASS">
          <reporter-output>
          </reporter-output>
        </test-method> <!-- AfterMethod -->
        <test-method signature="Test2()[pri:2, instance:demo.advanced.tests.DemoTests@23c30a20]" started-at="2022-11-25T00:03:49 IST" name="Test2" finished-at="2022-11-25T00:03:49 IST" duration-ms="8" status="PASS">
          <reporter-output>
          </reporter-output>
        </test-method> <!-- Test2 -->
        <test-method is-config="true" signature="AfterMethod()[pri:0, instance:demo.advanced.tests.DemoTests@23c30a20]" started-at="2022-11-25T00:03:49 IST" name="AfterMethod" finished-at="2022-11-25T00:04:00 IST" duration-ms="10479" status="PASS">
          <reporter-output>
          </reporter-output>
        </test-method> <!-- AfterMethod -->
        <test-method is-config="true" signature="BeforeMethod()[pri:0, instance:demo.advanced.tests.DemoTests@23c30a20]" started-at="2022-11-25T00:04:00 IST" name="BeforeMethod" finished-at="2022-11-25T00:04:07 IST" duration-ms="7055" status="PASS">
          <reporter-output>
          </reporter-output>
        </test-method> <!-- BeforeMethod -->
        <test-method is-config="true" signature="BeforeMethod()[pri:0, instance:demo.advanced.tests.DemoTests@23c30a20]" started-at="2022-11-25T00:04:02 IST" name="BeforeMethod" finished-at="2022-11-25T00:04:08 IST" duration-ms="6418" status="PASS">
          <reporter-output>
          </reporter-output>
        </test-method> <!-- BeforeMethod -->
        <test-method signature="Test4()[pri:4, instance:demo.advanced.tests.DemoTests@23c30a20]" started-at="2022-11-25T00:04:07 IST" name="Test4" finished-at="2022-11-25T00:04:07 IST" duration-ms="4" status="PASS">
          <reporter-output>
          </reporter-output>
        </test-method> <!-- Test4 -->
        <test-method is-config="true" signature="AfterMethod()[pri:0, instance:demo.advanced.tests.DemoTests@23c30a20]" started-at="2022-11-25T00:04:07 IST" name="AfterMethod" finished-at="2022-11-25T00:04:09 IST" duration-ms="1527" status="PASS">
          <reporter-output>
          </reporter-output>
        </test-method> <!-- AfterMethod -->
        <test-method signature="Test5()[pri:5, instance:demo.advanced.tests.DemoTests@23c30a20]" started-at="2022-11-25T00:04:08 IST" name="Test5" finished-at="2022-11-25T00:04:10 IST" duration-ms="1960" status="PASS">
          <reporter-output>
          </reporter-output>
        </test-method> <!-- Test5 -->
        <test-method is-config="true" signature="AfterMethod()[pri:0, instance:demo.advanced.tests.DemoTests@23c30a20]" started-at="2022-11-25T00:04:10 IST" name="AfterMethod" finished-at="2022-11-25T00:04:11 IST" duration-ms="705" status="PASS">
          <reporter-output>
          </reporter-output>
        </test-method> <!-- AfterMethod -->
      </class> <!-- demo.advanced.tests.DemoTests -->
      <class name="demo.advanced.tests.AmazonTest">
        <test-method is-config="true" signature="BeforeMethod()[pri:0, instance:demo.advanced.tests.AmazonTest@5677323c]" started-at="2022-11-25T00:03:28 IST" name="BeforeMethod" finished-at="2022-11-25T00:03:51 IST" duration-ms="23372" status="PASS">
          <reporter-output>
          </reporter-output>
        </test-method> <!-- BeforeMethod -->
        <test-method is-config="true" signature="BeforeMethod()[pri:0, instance:demo.advanced.tests.AmazonTest@5677323c]" started-at="2022-11-25T00:03:28 IST" name="BeforeMethod" finished-at="2022-11-25T00:03:51 IST" duration-ms="23169" status="PASS">
          <reporter-output>
          </reporter-output>
        </test-method> <!-- BeforeMethod -->
        <test-method signature="AppleMobileSearch()[pri:0, instance:demo.advanced.tests.AmazonTest@5677323c]" started-at="2022-11-25T00:03:51 IST" name="AppleMobileSearch" finished-at="2022-11-25T00:04:00 IST" duration-ms="8638" status="FAIL">
          <exception class="java.lang.AssertionError">
            <message>
              <![CDATA[Actual Text 'Samsung Galaxy M32 Prime Edition (Light Blue, 6GB RAM, 128GB) 'does not Contains Expected Text 'Apple iPhone' expected [true] but found [false]]]>
            </message>
            <full-stacktrace>
              <![CDATA[java.lang.AssertionError: Actual Text 'Samsung Galaxy M32 Prime Edition (Light Blue, 6GB RAM, 128GB) 'does not Contains Expected Text 'Apple iPhone' expected [true] but found [false]
at org.testng.Assert.fail(Assert.java:99)
at org.testng.Assert.failNotEquals(Assert.java:1037)
at org.testng.Assert.assertTrue(Assert.java:45)
at demo.advanced.tests.AmazonTest.AppleMobileSearch(AmazonTest.java:20)
at java.base/jdk.internal.reflect.NativeMethodAccessorImpl.invoke0(Native Method)
at java.base/jdk.internal.reflect.NativeMethodAccessorImpl.invoke(NativeMethodAccessorImpl.java:77)
at java.base/jdk.internal.reflect.DelegatingMethodAccessorImpl.invoke(DelegatingMethodAccessorImpl.java:43)
at java.base/java.lang.reflect.Method.invoke(Method.java:568)
at org.testng.internal.MethodInvocationHelper.invokeMethod(MethodInvocationHelper.java:133)
at org.testng.internal.TestInvoker.invokeMethod(TestInvoker.java:598)
at org.testng.internal.TestInvoker.invokeTestMethod(TestInvoker.java:173)
at org.testng.internal.MethodRunner.runInSequence(MethodRunner.java:46)
at org.testng.internal.TestInvoker$MethodInvocationAgent.invoke(TestInvoker.java:824)
at org.testng.internal.TestInvoker.invokeTestMethods(TestInvoker.java:146)
at org.testng.internal.TestMethodWorker.invokeTestMethods(TestMethodWorker.java:146)
at org.testng.internal.TestMethodWorker.run(TestMethodWorker.java:128)
at java.base/java.util.concurrent.ThreadPoolExecutor.runWorker(ThreadPoolExecutor.java:1136)
at java.base/java.util.concurrent.ThreadPoolExecutor$Worker.run(ThreadPoolExecutor.java:635)
at java.base/java.lang.Thread.run(Thread.java:833)
]]>
            </full-stacktrace>
          </exception> <!-- java.lang.AssertionError -->
          <reporter-output>
          </reporter-output>
        </test-method> <!-- AppleMobileSearch -->
        <test-method signature="WriteMobileNamesInExcel()[pri:0, instance:demo.advanced.tests.AmazonTest@5677323c]" started-at="2022-11-25T00:03:51 IST" name="WriteMobileNamesInExcel" finished-at="2022-11-25T00:04:10 IST" duration-ms="18548" status="PASS">
          <reporter-output>
          </reporter-output>
        </test-method> <!-- WriteMobileNamesInExcel -->
        <test-method is-config="true" signature="AfterMethod()[pri:0, instance:demo.advanced.tests.AmazonTest@5677323c]" started-at="2022-11-25T00:04:00 IST" name="AfterMethod" finished-at="2022-11-25T00:04:08 IST" duration-ms="7896" status="PASS">
          <reporter-output>
          </reporter-output>
        </test-method> <!-- AfterMethod -->
        <test-method is-config="true" signature="AfterMethod()[pri:0, instance:demo.advanced.tests.AmazonTest@5677323c]" started-at="2022-11-25T00:04:10 IST" name="AfterMethod" finished-at="2022-11-25T00:04:11 IST" duration-ms="949" status="PASS">
          <reporter-output>
          </reporter-output>
        </test-method> <!-- AfterMethod -->
      </class> <!-- demo.advanced.tests.AmazonTest -->
    </test> <!-- DemoTest -->
  </suite> <!-- Suite -->
</testng-results>
